0 info it worked if it ends with ok
1 verbose cli [ '/Users/hunter/.nvm/versions/node/v7.0.0/bin/node',
1 verbose cli   '/Users/hunter/.nvm/versions/node/v7.0.0/bin/npm',
1 verbose cli   'run',
1 verbose cli   'client' ]
2 info using npm@3.10.8
3 info using node@v7.0.0
4 verbose run-script [ 'preclient', 'client', 'postclient' ]
5 info lifecycle apparch@1.0.0~preclient: apparch@1.0.0
6 silly lifecycle apparch@1.0.0~preclient: no script for preclient, continuing
7 info lifecycle apparch@1.0.0~client: apparch@1.0.0
8 verbose lifecycle apparch@1.0.0~client: unsafe-perm in lifecycle true
9 verbose lifecycle apparch@1.0.0~client: PATH: /Users/hunter/.nvm/versions/node/v7.0.0/lib/node_modules/npm/bin/node-gyp-bin:/Users/hunter/Desktop/server/node_modules/.bin:/Users/hunter/.nvm/versions/node/v7.0.0/lib/node_modules/npm/bin/node-gyp-bin:/Users/hunter/Desktop/server/node_modules/.bin:/Applications/google-cloud-sdk/bin:/Users/hunter/.nvm/versions/node/v7.0.0/bin:/usr/local/opt/icu4c/sbin:/usr/local/opt/icu4c/bin:/usr/local/opt/icu4c/sbin:/usr/local/opt/icu4c/bin:/usr/local/bin:/usr/bin:/bin:/usr/sbin:/sbin
10 verbose lifecycle apparch@1.0.0~client: CWD: /Users/hunter/Desktop/server
11 silly lifecycle apparch@1.0.0~client: Args: [ '-c', 'npm run start --prefix client' ]
12 silly lifecycle apparch@1.0.0~client: Returned: code: 1  signal: null
13 info lifecycle apparch@1.0.0~client: Failed to exec client script
14 verbose stack Error: apparch@1.0.0 client: `npm run start --prefix client`
14 verbose stack Exit status 1
14 verbose stack     at EventEmitter.<anonymous> (/Users/hunter/.nvm/versions/node/v7.0.0/lib/node_modules/npm/lib/utils/lifecycle.js:255:16)
14 verbose stack     at emitTwo (events.js:106:13)
14 verbose stack     at EventEmitter.emit (events.js:191:7)
14 verbose stack     at ChildProcess.<anonymous> (/Users/hunter/.nvm/versions/node/v7.0.0/lib/node_modules/npm/lib/utils/spawn.js:40:14)
14 verbose stack     at emitTwo (events.js:106:13)
14 verbose stack     at ChildProcess.emit (events.js:191:7)
14 verbose stack     at maybeClose (internal/child_process.js:877:16)
14 verbose stack     at Process.ChildProcess._handle.onexit (internal/child_process.js:226:5)
15 verbose pkgid apparch@1.0.0
16 verbose cwd /Users/hunter/Desktop/server
17 error Darwin 16.7.0
18 error argv "/Users/hunter/.nvm/versions/node/v7.0.0/bin/node" "/Users/hunter/.nvm/versions/node/v7.0.0/bin/npm" "run" "client"
19 error node v7.0.0
20 error npm  v3.10.8
21 error code ELIFECYCLE
22 error apparch@1.0.0 client: `npm run start --prefix client`
22 error Exit status 1
23 error Failed at the apparch@1.0.0 client script 'npm run start --prefix client'.
23 error Make sure you have the latest version of node.js and npm installed.
23 error If you do, this is most likely a problem with the apparch package,
23 error not with npm itself.
23 error Tell the author that this fails on your system:
23 error     npm run start --prefix client
23 error You can get information on how to open an issue for this project with:
23 error     npm bugs apparch
23 error Or if that isn't available, you can get their info via:
23 error     npm owner ls apparch
23 error There is likely additional logging output above.
24 verbose exit [ 1, true ]
